# JRE version: OpenJDK Runtime Environment (17.0.11) (build 17.0.11+0--11852314)
# Java VM: OpenJDK 64-Bit Server VM (17.0.11+0--11852314, mixed mode, tiered, compressed oops, compressed class ptrs, g1 gc, windows-amd64)
GC Precious Log:
 CPUs: 16 total, 16 available
 Memory: 7860M
 Large Page Support: Disabled
 NUMA Support: Disabled
 Compressed Oops: Enabled (32-bit)
 Heap Region Size: 1M
 Heap Min Capacity: 8M
 Heap Initial Capacity: 124M
 Heap Max Capacity: 2G
 Pre-touch: Disabled
 Parallel Workers: 13
 Concurrent Workers: 3
 Concurrent Refinement Workers: 13
 Periodic GC: Disabled
Heap:
 garbage-first heap   total 222208K, used 136389K [0x0000000080000000, 0x0000000100000000)
  region size 1024K, 3 young (3072K), 3 survivors (3072K)
 Metaspace       used 95678K, committed 96384K, reserved 1179648K
  class space    used 12932K, committed 13312K, reserved 1048576K
GC Heap History (20 events):
Event: 9.867 GC heap after
{Heap after GC invocations=30 (full 0):
 garbage-first heap   total 138240K, used 79298K [0x0000000080000000, 0x0000000100000000)
  region size 1024K, 4 young (4096K), 4 survivors (4096K)
 Metaspace       used 62553K, committed 63232K, reserved 1114112K
  class space    used 8488K, committed 8768K, reserved 1048576K
}
Event: 9.883 GC heap before
{Heap before GC invocations=30 (full 0):
 garbage-first heap   total 138240K, used 81346K [0x0000000080000000, 0x0000000100000000)
  region size 1024K, 6 young (6144K), 4 survivors (4096K)
 Metaspace       used 62570K, committed 63232K, reserved 1114112K
  class space    used 8488K, committed 8768K, reserved 1048576K
}
Event: 9.887 GC heap after
{Heap after GC invocations=31 (full 0):
 garbage-first heap   total 138240K, used 79602K [0x0000000080000000, 0x0000000100000000)
  region size 1024K, 1 young (1024K), 1 survivors (1024K)
 Metaspace       used 62570K, committed 63232K, reserved 1114112K
  class space    used 8488K, committed 8768K, reserved 1048576K
}
Event: 10.197 GC heap before
{Heap before GC invocations=31 (full 0):
 garbage-first heap   total 138240K, used 107250K [0x0000000080000000, 0x0000000100000000)
  region size 1024K, 29 young (29696K), 1 survivors (1024K)
 Metaspace       used 65848K, committed 66496K, reserved 1114112K
  class space    used 9290K, committed 9600K, reserved 1048576K
}
Event: 10.202 GC heap after
{Heap after GC invocations=32 (full 0):
 garbage-first heap   total 222208K, used 81567K [0x0000000080000000, 0x0000000100000000)
  region size 1024K, 3 young (3072K), 3 survivors (3072K)
 Metaspace       used 65848K, committed 66496K, reserved 1114112K
  class space    used 9290K, committed 9600K, reserved 1048576K
}
Event: 11.054 GC heap before
{Heap before GC invocations=33 (full 0):
 garbage-first heap   total 222208K, used 160415K [0x0000000080000000, 0x0000000100000000)
  region size 1024K, 80 young (81920K), 3 survivors (3072K)
 Metaspace       used 76134K, committed 76800K, reserved 1179648K
  class space    used 10709K, committed 11008K, reserved 1048576K
}
Event: 11.059 GC heap after
{Heap after GC invocations=34 (full 0):
 garbage-first heap   total 222208K, used 83335K [0x0000000080000000, 0x0000000100000000)
  region size 1024K, 5 young (5120K), 5 survivors (5120K)
 Metaspace       used 76134K, committed 76800K, reserved 1179648K
  class space    used 10709K, committed 11008K, reserved 1048576K
}
Event: 11.102 GC heap before
{Heap before GC invocations=34 (full 0):
 garbage-first heap   total 222208K, used 88455K [0x0000000080000000, 0x0000000100000000)
  region size 1024K, 10 young (10240K), 5 survivors (5120K)
 Metaspace       used 76899K, committed 77568K, reserved 1179648K
  class space    used 10804K, committed 11136K, reserved 1048576K
}
Event: 11.106 GC heap after
{Heap after GC invocations=35 (full 0):
 garbage-first heap   total 222208K, used 82406K [0x0000000080000000, 0x0000000100000000)
  region size 1024K, 1 young (1024K), 1 survivors (1024K)
 Metaspace       used 76899K, committed 77568K, reserved 1179648K
  class space    used 10804K, committed 11136K, reserved 1048576K
}
Event: 11.759 GC heap before
{Heap before GC invocations=35 (full 0):
 garbage-first heap   total 222208K, used 189926K [0x0000000080000000, 0x0000000100000000)
  region size 1024K, 91 young (93184K), 1 survivors (1024K)
 Metaspace       used 80633K, committed 81344K, reserved 1179648K
  class space    used 11278K, committed 11584K, reserved 1048576K
}
Event: 11.771 GC heap after
{Heap after GC invocations=36 (full 0):
 garbage-first heap   total 222208K, used 106063K [0x0000000080000000, 0x0000000100000000)
  region size 1024K, 12 young (12288K), 12 survivors (12288K)
 Metaspace       used 80633K, committed 81344K, reserved 1179648K
  class space    used 11278K, committed 11584K, reserved 1048576K
}
Event: 12.256 GC heap before
{Heap before GC invocations=36 (full 0):
 garbage-first heap   total 222208K, used 169551K [0x0000000080000000, 0x0000000100000000)
  region size 1024K, 73 young (74752K), 12 survivors (12288K)
 Metaspace       used 84524K, committed 85184K, reserved 1179648K
  class space    used 11726K, committed 12032K, reserved 1048576K
}
Event: 12.269 GC heap after
{Heap after GC invocations=37 (full 0):
 garbage-first heap   total 222208K, used 112217K [0x0000000080000000, 0x0000000100000000)
  region size 1024K, 10 young (10240K), 10 survivors (10240K)
 Metaspace       used 84524K, committed 85184K, reserved 1179648K
  class space    used 11726K, committed 12032K, reserved 1048576K
}
Event: 12.311 GC heap before
{Heap before GC invocations=37 (full 0):
 garbage-first heap   total 222208K, used 116313K [0x0000000080000000, 0x0000000100000000)
  region size 1024K, 15 young (15360K), 10 survivors (10240K)
 Metaspace       used 84967K, committed 85632K, reserved 1179648K
  class space    used 11786K, committed 12096K, reserved 1048576K
}
Event: 12.316 GC heap after
{Heap after GC invocations=38 (full 0):
 garbage-first heap   total 222208K, used 113664K [0x0000000080000000, 0x0000000100000000)
  region size 1024K, 1 young (1024K), 1 survivors (1024K)
 Metaspace       used 84967K, committed 85632K, reserved 1179648K
  class space    used 11786K, committed 12096K, reserved 1048576K
}
Event: 13.045 GC heap before
{Heap before GC invocations=39 (full 0):
 garbage-first heap   total 222208K, used 191488K [0x0000000080000000, 0x0000000100000000)
  region size 1024K, 61 young (62464K), 1 survivors (1024K)
 Metaspace       used 90065K, committed 90752K, reserved 1179648K
  class space    used 12266K, committed 12608K, reserved 1048576K
}
Event: 13.051 GC heap after
{Heap after GC invocations=40 (full 0):
 garbage-first heap   total 222208K, used 135351K [0x0000000080000000, 0x0000000100000000)
  region size 1024K, 8 young (8192K), 8 survivors (8192K)
 Metaspace       used 90065K, committed 90752K, reserved 1179648K
  class space    used 12266K, committed 12608K, reserved 1048576K
}
Event: 13.075 GC heap before
{Heap before GC invocations=40 (full 0):
 garbage-first heap   total 222208K, used 136375K [0x0000000080000000, 0x0000000100000000)
  region size 1024K, 10 young (10240K), 8 survivors (8192K)
 Metaspace       used 90407K, committed 91136K, reserved 1179648K
  class space    used 12289K, committed 12672K, reserved 1048576K
}
Event: 13.080 GC heap after
{Heap after GC invocations=41 (full 0):
 garbage-first heap   total 222208K, used 134626K [0x0000000080000000, 0x0000000100000000)
  region size 1024K, 1 young (1024K), 1 survivors (1024K)
 Metaspace       used 90407K, committed 91136K, reserved 1179648K
  class space    used 12289K, committed 12672K, reserved 1048576K
}
Event: 13.642 GC heap before
{Heap before GC invocations=41 (full 0):
 garbage-first heap   total 222208K, used 181730K [0x0000000080000000, 0x0000000100000000)
  region size 1024K, 47 young (48128K), 1 survivors (1024K)
 Metaspace       used 95678K, committed 96384K, reserved 1179648K
  class space    used 12932K, committed 13312K, reserved 1048576K
}

