# JRE version: OpenJDK Runtime Environment (17.0.11) (build 17.0.11+0--11852314)
# Java VM: OpenJDK 64-Bit Server VM (17.0.11+0--11852314, mixed mode, tiered, compressed oops, compressed class ptrs, g1 gc, windows-amd64)
GC Precious Log:
 CPUs: 16 total, 16 available
 Memory: 7860M
 Large Page Support: Disabled
 NUMA Support: Disabled
 Compressed Oops: Enabled (32-bit)
 Heap Region Size: 1M
 Heap Min Capacity: 8M
 Heap Initial Capacity: 124M
 Heap Max Capacity: 2G
 Pre-touch: Disabled
 Parallel Workers: 13
 Concurrent Workers: 3
 Concurrent Refinement Workers: 13
 Periodic GC: Disabled
Heap:
 garbage-first heap   total 203776K, used 118784K [0x0000000080000000, 0x0000000100000000)
  region size 1024K, 8 young (8192K), 8 survivors (8192K)
 Metaspace       used 120215K, committed 120896K, reserved 1179648K
  class space    used 15437K, committed 15744K, reserved 1048576K
GC Heap History (20 events):
Event: 11.794 GC heap after
{Heap after GC invocations=44 (full 0):
 garbage-first heap   total 163840K, used 97604K [0x0000000080000000, 0x0000000100000000)
  region size 1024K, 4 young (4096K), 4 survivors (4096K)
 Metaspace       used 90237K, committed 90816K, reserved 1179648K
  class space    used 12084K, committed 12352K, reserved 1048576K
}
Event: 12.186 GC heap before
{Heap before GC invocations=45 (full 0):
 garbage-first heap   total 173056K, used 135492K [0x0000000080000000, 0x0000000100000000)
  region size 1024K, 40 young (40960K), 4 survivors (4096K)
 Metaspace       used 91313K, committed 91904K, reserved 1179648K
  class space    used 12202K, committed 12480K, reserved 1048576K
}
Event: 12.191 GC heap after
{Heap after GC invocations=46 (full 0):
 garbage-first heap   total 173056K, used 99701K [0x0000000080000000, 0x0000000100000000)
  region size 1024K, 3 young (3072K), 3 survivors (3072K)
 Metaspace       used 91313K, committed 91904K, reserved 1179648K
  class space    used 12202K, committed 12480K, reserved 1048576K
}
Event: 12.256 GC heap before
{Heap before GC invocations=46 (full 0):
 garbage-first heap   total 173056K, used 104821K [0x0000000080000000, 0x0000000100000000)
  region size 1024K, 8 young (8192K), 3 survivors (3072K)
 Metaspace       used 92071K, committed 92672K, reserved 1179648K
  class space    used 12288K, committed 12544K, reserved 1048576K
}
Event: 12.260 GC heap after
{Heap after GC invocations=47 (full 0):
 garbage-first heap   total 173056K, used 99748K [0x0000000080000000, 0x0000000100000000)
  region size 1024K, 1 young (1024K), 1 survivors (1024K)
 Metaspace       used 92071K, committed 92672K, reserved 1179648K
  class space    used 12288K, committed 12544K, reserved 1048576K
}
Event: 12.741 GC heap before
{Heap before GC invocations=47 (full 0):
 garbage-first heap   total 173056K, used 141732K [0x0000000080000000, 0x0000000100000000)
  region size 1024K, 42 young (43008K), 1 survivors (1024K)
 Metaspace       used 94652K, committed 95296K, reserved 1179648K
  class space    used 12563K, committed 12864K, reserved 1048576K
}
Event: 12.746 GC heap after
{Heap after GC invocations=48 (full 0):
 garbage-first heap   total 173056K, used 102960K [0x0000000080000000, 0x0000000100000000)
  region size 1024K, 4 young (4096K), 4 survivors (4096K)
 Metaspace       used 94652K, committed 95296K, reserved 1179648K
  class space    used 12563K, committed 12864K, reserved 1048576K
}
Event: 13.303 GC heap before
{Heap before GC invocations=49 (full 0):
 garbage-first heap   total 179200K, used 141872K [0x0000000080000000, 0x0000000100000000)
  region size 1024K, 43 young (44032K), 4 survivors (4096K)
 Metaspace       used 99000K, committed 99584K, reserved 1179648K
  class space    used 13001K, committed 13248K, reserved 1048576K
}
Event: 13.307 GC heap after
{Heap after GC invocations=50 (full 0):
 garbage-first heap   total 179200K, used 105797K [0x0000000080000000, 0x0000000100000000)
  region size 1024K, 3 young (3072K), 3 survivors (3072K)
 Metaspace       used 99000K, committed 99584K, reserved 1179648K
  class space    used 13001K, committed 13248K, reserved 1048576K
}
Event: 13.384 GC heap before
{Heap before GC invocations=50 (full 0):
 garbage-first heap   total 179200K, used 109893K [0x0000000080000000, 0x0000000100000000)
  region size 1024K, 8 young (8192K), 3 survivors (3072K)
 Metaspace       used 99635K, committed 100288K, reserved 1179648K
  class space    used 13072K, committed 13376K, reserved 1048576K
}
Event: 13.387 GC heap after
{Heap after GC invocations=51 (full 0):
 garbage-first heap   total 179200K, used 105723K [0x0000000080000000, 0x0000000100000000)
  region size 1024K, 1 young (1024K), 1 survivors (1024K)
 Metaspace       used 99635K, committed 100288K, reserved 1179648K
  class space    used 13072K, committed 13376K, reserved 1048576K
}
Event: 14.011 GC heap before
{Heap before GC invocations=51 (full 0):
 garbage-first heap   total 179200K, used 148731K [0x0000000080000000, 0x0000000100000000)
  region size 1024K, 43 young (44032K), 1 survivors (1024K)
 Metaspace       used 105653K, committed 106304K, reserved 1179648K
  class space    used 13718K, committed 14016K, reserved 1048576K
}
Event: 14.014 GC heap after
{Heap after GC invocations=52 (full 0):
 garbage-first heap   total 179200K, used 106455K [0x0000000080000000, 0x0000000100000000)
  region size 1024K, 2 young (2048K), 2 survivors (2048K)
 Metaspace       used 105653K, committed 106304K, reserved 1179648K
  class space    used 13718K, committed 14016K, reserved 1048576K
}
Event: 14.583 GC heap before
{Heap before GC invocations=53 (full 0):
 garbage-first heap   total 184320K, used 148439K [0x0000000080000000, 0x0000000100000000)
  region size 1024K, 44 young (45056K), 2 survivors (2048K)
 Metaspace       used 112043K, committed 112640K, reserved 1179648K
  class space    used 14388K, committed 14656K, reserved 1048576K
}
Event: 14.589 GC heap after
{Heap after GC invocations=54 (full 0):
 garbage-first heap   total 184320K, used 107418K [0x0000000080000000, 0x0000000100000000)
  region size 1024K, 3 young (3072K), 3 survivors (3072K)
 Metaspace       used 112043K, committed 112640K, reserved 1179648K
  class space    used 14388K, committed 14656K, reserved 1048576K
}
Event: 15.097 GC heap before
{Heap before GC invocations=54 (full 0):
 garbage-first heap   total 184320K, used 138138K [0x0000000080000000, 0x0000000100000000)
  region size 1024K, 34 young (34816K), 3 survivors (3072K)
 Metaspace       used 114177K, committed 114752K, reserved 1179648K
  class space    used 14649K, committed 14912K, reserved 1048576K
}
Event: 15.103 GC heap after
{Heap after GC invocations=55 (full 0):
 garbage-first heap   total 184320K, used 110718K [0x0000000080000000, 0x0000000100000000)
  region size 1024K, 6 young (6144K), 6 survivors (6144K)
 Metaspace       used 114177K, committed 114752K, reserved 1179648K
  class space    used 14649K, committed 14912K, reserved 1048576K
}
Event: 15.353 GC heap before
{Heap before GC invocations=56 (full 0):
 garbage-first heap   total 203776K, used 155774K [0x0000000080000000, 0x0000000100000000)
  region size 1024K, 49 young (50176K), 6 survivors (6144K)
 Metaspace       used 114354K, committed 115008K, reserved 1179648K
  class space    used 14649K, committed 14912K, reserved 1048576K
}
Event: 15.359 GC heap after
{Heap after GC invocations=57 (full 0):
 garbage-first heap   total 203776K, used 114458K [0x0000000080000000, 0x0000000100000000)
  region size 1024K, 4 young (4096K), 4 survivors (4096K)
 Metaspace       used 114354K, committed 115008K, reserved 1179648K
  class space    used 14649K, committed 14912K, reserved 1048576K
}
Event: 16.647 GC heap before
{Heap before GC invocations=57 (full 0):
 garbage-first heap   total 203776K, used 169754K [0x0000000080000000, 0x0000000100000000)
  region size 1024K, 58 young (59392K), 4 survivors (4096K)
 Metaspace       used 120215K, committed 120896K, reserved 1179648K
  class space    used 15437K, committed 15744K, reserved 1048576K
}

