# JRE version: OpenJDK Runtime Environment (17.0.11) (build 17.0.11+0--11852314)
# Java VM: OpenJDK 64-Bit Server VM (17.0.11+0--11852314, mixed mode, tiered, compressed oops, compressed class ptrs, g1 gc, windows-amd64)
GC Precious Log:
 CPUs: 16 total, 16 available
 Memory: 7860M
 Large Page Support: Disabled
 NUMA Support: Disabled
 Compressed Oops: Enabled (32-bit)
 Heap Region Size: 1M
 Heap Min Capacity: 8M
 Heap Initial Capacity: 124M
 Heap Max Capacity: 2G
 Pre-touch: Disabled
 Parallel Workers: 13
 Concurrent Workers: 3
 Concurrent Refinement Workers: 13
 Periodic GC: Disabled
Heap:
 garbage-first heap   total 146432K, used 80825K [0x0000000080000000, 0x0000000100000000)
  region size 1024K, 1 young (1024K), 1 survivors (1024K)
 Metaspace       used 69596K, committed 70208K, reserved 1114112K
  class space    used 9884K, committed 10176K, reserved 1048576K
GC Heap History (20 events):
Event: 5.919 GC heap after
{Heap after GC invocations=21 (full 0):
 garbage-first heap   total 110592K, used 61785K [0x0000000080000000, 0x0000000100000000)
  region size 1024K, 3 young (3072K), 3 survivors (3072K)
 Metaspace       used 51160K, committed 51648K, reserved 1114112K
  class space    used 6894K, committed 7104K, reserved 1048576K
}
Event: 5.974 GC heap before
{Heap before GC invocations=22 (full 0):
 garbage-first heap   total 116736K, used 71001K [0x0000000080000000, 0x0000000100000000)
  region size 1024K, 8 young (8192K), 3 survivors (3072K)
 Metaspace       used 51515K, committed 51968K, reserved 1114112K
  class space    used 6918K, committed 7104K, reserved 1048576K
}
Event: 5.976 GC heap after
{Heap after GC invocations=23 (full 0):
 garbage-first heap   total 116736K, used 68701K [0x0000000080000000, 0x0000000100000000)
  region size 1024K, 2 young (2048K), 2 survivors (2048K)
 Metaspace       used 51515K, committed 51968K, reserved 1114112K
  class space    used 6918K, committed 7104K, reserved 1048576K
}
Event: 6.226 GC heap before
{Heap before GC invocations=24 (full 0):
 garbage-first heap   total 121856K, used 86109K [0x0000000080000000, 0x0000000100000000)
  region size 1024K, 17 young (17408K), 2 survivors (2048K)
 Metaspace       used 53620K, committed 54208K, reserved 1114112K
  class space    used 7132K, committed 7424K, reserved 1048576K
}
Event: 6.229 GC heap after
{Heap after GC invocations=25 (full 0):
 garbage-first heap   total 121856K, used 68735K [0x0000000080000000, 0x0000000100000000)
  region size 1024K, 2 young (2048K), 2 survivors (2048K)
 Metaspace       used 53620K, committed 54208K, reserved 1114112K
  class space    used 7132K, committed 7424K, reserved 1048576K
}
Event: 6.464 GC heap before
{Heap before GC invocations=25 (full 0):
 garbage-first heap   total 121856K, used 88191K [0x0000000080000000, 0x0000000100000000)
  region size 1024K, 21 young (21504K), 2 survivors (2048K)
 Metaspace       used 54427K, committed 55040K, reserved 1114112K
  class space    used 7261K, committed 7552K, reserved 1048576K
}
Event: 6.466 GC heap after
{Heap after GC invocations=26 (full 0):
 garbage-first heap   total 121856K, used 69792K [0x0000000080000000, 0x0000000100000000)
  region size 1024K, 2 young (2048K), 2 survivors (2048K)
 Metaspace       used 54427K, committed 55040K, reserved 1114112K
  class space    used 7261K, committed 7552K, reserved 1048576K
}
Event: 6.880 GC heap before
{Heap before GC invocations=27 (full 0):
 garbage-first heap   total 121856K, used 91296K [0x0000000080000000, 0x0000000100000000)
  region size 1024K, 23 young (23552K), 2 survivors (2048K)
 Metaspace       used 57240K, committed 57792K, reserved 1114112K
  class space    used 7714K, committed 8000K, reserved 1048576K
}
Event: 6.884 GC heap after
{Heap after GC invocations=28 (full 0):
 garbage-first heap   total 146432K, used 71235K [0x0000000080000000, 0x0000000100000000)
  region size 1024K, 3 young (3072K), 3 survivors (3072K)
 Metaspace       used 57240K, committed 57792K, reserved 1114112K
  class space    used 7714K, committed 8000K, reserved 1048576K
}
Event: 7.471 GC heap before
{Heap before GC invocations=28 (full 0):
 garbage-first heap   total 146432K, used 106051K [0x0000000080000000, 0x0000000100000000)
  region size 1024K, 37 young (37888K), 3 survivors (3072K)
 Metaspace       used 60550K, committed 61248K, reserved 1114112K
  class space    used 8274K, committed 8576K, reserved 1048576K
}
Event: 7.475 GC heap after
{Heap after GC invocations=29 (full 0):
 garbage-first heap   total 146432K, used 73374K [0x0000000080000000, 0x0000000100000000)
  region size 1024K, 5 young (5120K), 5 survivors (5120K)
 Metaspace       used 60550K, committed 61248K, reserved 1114112K
  class space    used 8274K, committed 8576K, reserved 1048576K
}
Event: 8.268 GC heap before
{Heap before GC invocations=30 (full 0):
 garbage-first heap   total 146432K, used 108190K [0x0000000080000000, 0x0000000100000000)
  region size 1024K, 40 young (40960K), 5 survivors (5120K)
 Metaspace       used 62404K, committed 63040K, reserved 1114112K
  class space    used 8484K, committed 8768K, reserved 1048576K
}
Event: 8.274 GC heap after
{Heap after GC invocations=31 (full 0):
 garbage-first heap   total 146432K, used 77804K [0x0000000080000000, 0x0000000100000000)
  region size 1024K, 5 young (5120K), 5 survivors (5120K)
 Metaspace       used 62404K, committed 63040K, reserved 1114112K
  class space    used 8484K, committed 8768K, reserved 1048576K
}
Event: 8.287 GC heap before
{Heap before GC invocations=31 (full 0):
 garbage-first heap   total 146432K, used 79852K [0x0000000080000000, 0x0000000100000000)
  region size 1024K, 7 young (7168K), 5 survivors (5120K)
 Metaspace       used 62424K, committed 63040K, reserved 1114112K
  class space    used 8484K, committed 8768K, reserved 1048576K
}
Event: 8.291 GC heap after
{Heap after GC invocations=32 (full 0):
 garbage-first heap   total 146432K, used 78246K [0x0000000080000000, 0x0000000100000000)
  region size 1024K, 1 young (1024K), 1 survivors (1024K)
 Metaspace       used 62424K, committed 63040K, reserved 1114112K
  class space    used 8484K, committed 8768K, reserved 1048576K
}
Event: 8.598 GC heap before
{Heap before GC invocations=32 (full 0):
 garbage-first heap   total 146432K, used 112038K [0x0000000080000000, 0x0000000100000000)
  region size 1024K, 34 young (34816K), 1 survivors (1024K)
 Metaspace       used 63772K, committed 64448K, reserved 1114112K
  class space    used 8656K, committed 8960K, reserved 1048576K
}
Event: 8.601 GC heap after
{Heap after GC invocations=33 (full 0):
 garbage-first heap   total 146432K, used 80499K [0x0000000080000000, 0x0000000100000000)
  region size 1024K, 4 young (4096K), 4 survivors (4096K)
 Metaspace       used 63772K, committed 64448K, reserved 1114112K
  class space    used 8656K, committed 8960K, reserved 1048576K
}
Event: 8.964 GC heap before
{Heap before GC invocations=34 (full 0):
 garbage-first heap   total 146432K, used 112243K [0x0000000080000000, 0x0000000100000000)
  region size 1024K, 36 young (36864K), 4 survivors (4096K)
 Metaspace       used 68822K, committed 69504K, reserved 1114112K
  class space    used 9784K, committed 10112K, reserved 1048576K
}
Event: 8.969 GC heap after
{Heap after GC invocations=35 (full 0):
 garbage-first heap   total 146432K, used 81350K [0x0000000080000000, 0x0000000100000000)
  region size 1024K, 1 young (1024K), 1 survivors (1024K)
 Metaspace       used 68822K, committed 69504K, reserved 1114112K
  class space    used 9784K, committed 10112K, reserved 1048576K
}
Event: 9.009 GC heap before
{Heap before GC invocations=35 (full 0):
 garbage-first heap   total 146432K, used 86470K [0x0000000080000000, 0x0000000100000000)
  region size 1024K, 7 young (7168K), 1 survivors (1024K)
 Metaspace       used 69596K, committed 70208K, reserved 1114112K
  class space    used 9884K, committed 10176K, reserved 1048576K
}

