# JRE version: OpenJDK Runtime Environment (17.0.11) (build 17.0.11+0--11852314)
# Java VM: OpenJDK 64-Bit Server VM (17.0.11+0--11852314, mixed mode, tiered, compressed oops, compressed class ptrs, g1 gc, windows-amd64)
GC Precious Log:
 CPUs: 16 total, 16 available
 Memory: 7860M
 Large Page Support: Disabled
 NUMA Support: Disabled
 Compressed Oops: Enabled (32-bit)
 Heap Region Size: 1M
 Heap Min Capacity: 8M
 Heap Initial Capacity: 124M
 Heap Max Capacity: 2G
 Pre-touch: Disabled
 Parallel Workers: 13
 Concurrent Workers: 3
 Concurrent Refinement Workers: 13
 Periodic GC: Disabled
Heap:
 garbage-first heap   total 187392K, used 128909K [0x0000000080000000, 0x0000000100000000)
  region size 1024K, 3 young (3072K), 3 survivors (3072K)
 Metaspace       used 100080K, committed 100800K, reserved 1179648K
  class space    used 13643K, committed 14016K, reserved 1048576K
GC Heap History (20 events):
Event: 13.979 GC heap after
{Heap after GC invocations=37 (full 0):
 garbage-first heap   total 152576K, used 83254K [0x0000000080000000, 0x0000000100000000)
  region size 1024K, 4 young (4096K), 4 survivors (4096K)
 Metaspace       used 75270K, committed 75904K, reserved 1114112K
  class space    used 10154K, committed 10432K, reserved 1048576K
}
Event: 14.554 GC heap before
{Heap before GC invocations=37 (full 0):
 garbage-first heap   total 152576K, used 86326K [0x0000000080000000, 0x0000000100000000)
  region size 1024K, 7 young (7168K), 4 survivors (4096K)
 Metaspace       used 76586K, committed 77312K, reserved 1179648K
  class space    used 10302K, committed 10624K, reserved 1048576K
}
Event: 14.559 GC heap after
{Heap after GC invocations=38 (full 0):
 garbage-first heap   total 152576K, used 82991K [0x0000000080000000, 0x0000000100000000)
  region size 1024K, 1 young (1024K), 1 survivors (1024K)
 Metaspace       used 76586K, committed 77312K, reserved 1179648K
  class space    used 10302K, committed 10624K, reserved 1048576K
}
Event: 15.985 GC heap before
{Heap before GC invocations=38 (full 0):
 garbage-first heap   total 152576K, used 119855K [0x0000000080000000, 0x0000000100000000)
  region size 1024K, 38 young (38912K), 1 survivors (1024K)
 Metaspace       used 77801K, committed 78464K, reserved 1179648K
  class space    used 10385K, committed 10688K, reserved 1048576K
}
Event: 15.989 GC heap after
{Heap after GC invocations=39 (full 0):
 garbage-first heap   total 152576K, used 88169K [0x0000000080000000, 0x0000000100000000)
  region size 1024K, 5 young (5120K), 5 survivors (5120K)
 Metaspace       used 77801K, committed 78464K, reserved 1179648K
  class space    used 10385K, committed 10688K, reserved 1048576K
}
Event: 16.465 GC heap before
{Heap before GC invocations=40 (full 0):
 garbage-first heap   total 155648K, used 119913K [0x0000000080000000, 0x0000000100000000)
  region size 1024K, 37 young (37888K), 5 survivors (5120K)
 Metaspace       used 80748K, committed 81408K, reserved 1179648K
  class space    used 11027K, committed 11328K, reserved 1048576K
}
Event: 16.472 GC heap after
{Heap after GC invocations=41 (full 0):
 garbage-first heap   total 155648K, used 89328K [0x0000000080000000, 0x0000000100000000)
  region size 1024K, 3 young (3072K), 3 survivors (3072K)
 Metaspace       used 80748K, committed 81408K, reserved 1179648K
  class space    used 11027K, committed 11328K, reserved 1048576K
}
Event: 16.554 GC heap before
{Heap before GC invocations=41 (full 0):
 garbage-first heap   total 155648K, used 92400K [0x0000000080000000, 0x0000000100000000)
  region size 1024K, 7 young (7168K), 3 survivors (3072K)
 Metaspace       used 81561K, committed 82240K, reserved 1179648K
  class space    used 11302K, committed 11584K, reserved 1048576K
}
Event: 16.559 GC heap after
{Heap after GC invocations=42 (full 0):
 garbage-first heap   total 187392K, used 88521K [0x0000000080000000, 0x0000000100000000)
  region size 1024K, 1 young (1024K), 1 survivors (1024K)
 Metaspace       used 81561K, committed 82240K, reserved 1179648K
  class space    used 11302K, committed 11584K, reserved 1048576K
}
Event: 17.335 GC heap before
{Heap before GC invocations=42 (full 0):
 garbage-first heap   total 187392K, used 145865K [0x0000000080000000, 0x0000000100000000)
  region size 1024K, 57 young (58368K), 1 survivors (1024K)
 Metaspace       used 88577K, committed 89216K, reserved 1179648K
  class space    used 12242K, committed 12544K, reserved 1048576K
}
Event: 17.339 GC heap after
{Heap after GC invocations=43 (full 0):
 garbage-first heap   total 187392K, used 89733K [0x0000000080000000, 0x0000000100000000)
  region size 1024K, 2 young (2048K), 2 survivors (2048K)
 Metaspace       used 88577K, committed 89216K, reserved 1179648K
  class space    used 12242K, committed 12544K, reserved 1048576K
}
Event: 18.107 GC heap before
{Heap before GC invocations=44 (full 0):
 garbage-first heap   total 187392K, used 157317K [0x0000000080000000, 0x0000000100000000)
  region size 1024K, 61 young (62464K), 2 survivors (2048K)
 Metaspace       used 95621K, committed 96448K, reserved 1179648K
  class space    used 13130K, committed 13504K, reserved 1048576K
}
Event: 18.112 GC heap after
{Heap after GC invocations=45 (full 0):
 garbage-first heap   total 187392K, used 102140K [0x0000000080000000, 0x0000000100000000)
  region size 1024K, 7 young (7168K), 7 survivors (7168K)
 Metaspace       used 95621K, committed 96448K, reserved 1179648K
  class space    used 13130K, committed 13504K, reserved 1048576K
}
Event: 18.121 GC heap before
{Heap before GC invocations=45 (full 0):
 garbage-first heap   total 187392K, used 104188K [0x0000000080000000, 0x0000000100000000)
  region size 1024K, 9 young (9216K), 7 survivors (7168K)
 Metaspace       used 95621K, committed 96448K, reserved 1179648K
  class space    used 13130K, committed 13504K, reserved 1048576K
}
Event: 18.127 GC heap after
{Heap after GC invocations=46 (full 0):
 garbage-first heap   total 187392K, used 100886K [0x0000000080000000, 0x0000000100000000)
  region size 1024K, 1 young (1024K), 1 survivors (1024K)
 Metaspace       used 95621K, committed 96448K, reserved 1179648K
  class space    used 13130K, committed 13504K, reserved 1048576K
}
Event: 18.503 GC heap before
{Heap before GC invocations=46 (full 0):
 garbage-first heap   total 187392K, used 157206K [0x0000000080000000, 0x0000000100000000)
  region size 1024K, 51 young (52224K), 1 survivors (1024K)
 Metaspace       used 95770K, committed 96576K, reserved 1179648K
  class space    used 13135K, committed 13504K, reserved 1048576K
}
Event: 18.515 GC heap after
{Heap after GC invocations=47 (full 0):
 garbage-first heap   total 187392K, used 109990K [0x0000000080000000, 0x0000000100000000)
  region size 1024K, 7 young (7168K), 7 survivors (7168K)
 Metaspace       used 95770K, committed 96576K, reserved 1179648K
  class space    used 13135K, committed 13504K, reserved 1048576K
}
Event: 18.811 GC heap before
{Heap before GC invocations=47 (full 0):
 garbage-first heap   total 187392K, used 151974K [0x0000000080000000, 0x0000000100000000)
  region size 1024K, 44 young (45056K), 7 survivors (7168K)
 Metaspace       used 96178K, committed 96960K, reserved 1179648K
  class space    used 13176K, committed 13568K, reserved 1048576K
}
Event: 18.822 GC heap after
{Heap after GC invocations=48 (full 0):
 garbage-first heap   total 187392K, used 119036K [0x0000000080000000, 0x0000000100000000)
  region size 1024K, 6 young (6144K), 6 survivors (6144K)
 Metaspace       used 96178K, committed 96960K, reserved 1179648K
  class space    used 13176K, committed 13568K, reserved 1048576K
}
Event: 19.305 GC heap before
{Heap before GC invocations=48 (full 0):
 garbage-first heap   total 187392K, used 156924K [0x0000000080000000, 0x0000000100000000)
  region size 1024K, 36 young (36864K), 6 survivors (6144K)
 Metaspace       used 100080K, committed 100800K, reserved 1179648K
  class space    used 13643K, committed 14016K, reserved 1048576K
}

